TN:
SF:src/image.ts
FN:7,(anonymous_2)
FN:22,(anonymous_3)
FN:29,(anonymous_4)
FNF:3
FNH:0
FNDA:0,(anonymous_2)
FNDA:0,(anonymous_3)
FNDA:0,(anonymous_4)
DA:1,1
DA:2,1
DA:4,1
DA:7,1
DA:8,0
DA:9,0
DA:11,0
DA:19,1
DA:23,0
DA:24,0
DA:25,0
DA:27,0
DA:29,0
DA:37,1
LF:14
LH:6
BRDA:8,0,0,0
BRDA:24,1,0,0
BRDA:24,2,0,0
BRDA:24,2,1,0
BRF:4
BRH:0
end_of_record
TN:
SF:src/config/multer.ts
FN:12,(anonymous_2)
FN:15,(anonymous_3)
FN:23,(anonymous_4)
FNF:3
FNH:0
FNDA:0,(anonymous_2)
FNDA:0,(anonymous_3)
FNDA:0,(anonymous_4)
DA:1,1
DA:2,1
DA:3,1
DA:4,1
DA:7,1
DA:8,1
DA:11,1
DA:13,0
DA:17,0
DA:18,0
DA:23,1
DA:28,0
DA:29,0
DA:30,0
DA:32,0
DA:41,1
DA:50,2
LF:17
LH:10
BRDA:29,0,0,0
BRDA:29,0,1,0
BRF:2
BRH:0
end_of_record
TN:
SF:src/controllers/article-controller.ts
FN:6,(anonymous_1)
FN:14,(anonymous_2)
FN:22,(anonymous_3)
FN:33,(anonymous_4)
FN:43,(anonymous_5)
FN:51,(anonymous_6)
FN:59,(anonymous_7)
FN:68,(anonymous_8)
FNF:8
FNH:0
FNDA:0,(anonymous_1)
FNDA:0,(anonymous_2)
FNDA:0,(anonymous_3)
FNDA:0,(anonymous_4)
FNDA:0,(anonymous_5)
FNDA:0,(anonymous_6)
FNDA:0,(anonymous_7)
FNDA:0,(anonymous_8)
DA:2,1
DA:7,0
DA:8,0
DA:12,0
DA:15,0
DA:16,0
DA:17,0
DA:18,0
DA:19,0
DA:23,0
DA:24,0
DA:25,0
DA:30,0
DA:34,0
DA:35,0
DA:36,0
DA:37,0
DA:38,0
DA:39,0
DA:40,0
DA:44,0
DA:45,0
DA:46,0
DA:47,0
DA:48,0
DA:52,0
DA:53,0
DA:54,0
DA:55,0
DA:56,0
DA:60,0
DA:61,0
DA:62,0
DA:63,0
DA:64,0
DA:69,0
DA:70,0
DA:71,0
DA:75,8
LF:39
LH:2
BRF:0
BRH:0
end_of_record
TN:
SF:src/controllers/notification-controller.ts
FN:6,(anonymous_1)
FN:16,(anonymous_2)
FN:26,(anonymous_3)
FN:37,(anonymous_4)
FNF:4
FNH:0
FNDA:0,(anonymous_1)
FNDA:0,(anonymous_2)
FNDA:0,(anonymous_3)
FNDA:0,(anonymous_4)
DA:1,1
DA:7,0
DA:8,0
DA:9,0
DA:10,0
DA:12,0
DA:17,0
DA:18,0
DA:19,0
DA:20,0
DA:22,0
DA:27,0
DA:28,0
DA:29,0
DA:30,0
DA:31,0
DA:33,0
DA:38,0
DA:39,0
DA:40,0
DA:41,0
DA:43,0
DA:48,4
LF:23
LH:2
BRF:0
BRH:0
end_of_record
TN:
SF:src/controllers/product-controller.ts
FN:6,(anonymous_1)
FN:15,(anonymous_2)
FN:23,(anonymous_3)
FN:35,(anonymous_4)
FN:48,(anonymous_5)
FN:66,(anonymous_6)
FN:73,(anonymous_7)
FN:81,(anonymous_8)
FN:90,(anonymous_9)
FNF:9
FNH:0
FNDA:0,(anonymous_1)
FNDA:0,(anonymous_2)
FNDA:0,(anonymous_3)
FNDA:0,(anonymous_4)
FNDA:0,(anonymous_5)
FNDA:0,(anonymous_6)
FNDA:0,(anonymous_7)
FNDA:0,(anonymous_8)
FNDA:0,(anonymous_9)
DA:2,1
DA:7,0
DA:8,0
DA:12,0
DA:16,0
DA:17,0
DA:18,0
DA:19,0
DA:20,0
DA:24,0
DA:25,0
DA:32,0
DA:36,0
DA:37,0
DA:38,0
DA:39,0
DA:40,0
DA:45,0
DA:49,0
DA:50,0
DA:52,0
DA:54,0
DA:60,0
DA:67,0
DA:68,0
DA:69,0
DA:70,0
DA:74,0
DA:75,0
DA:76,0
DA:77,0
DA:78,0
DA:82,0
DA:83,0
DA:84,0
DA:85,0
DA:86,0
DA:91,0
DA:92,0
DA:93,0
DA:97,9
LF:41
LH:2
BRF:0
BRH:0
end_of_record
TN:
SF:src/controllers/user-controller.ts
FN:8,(anonymous_1)
FN:18,(anonymous_2)
FN:30,(anonymous_3)
FN:36,(anonymous_4)
FN:47,(anonymous_5)
FN:57,(anonymous_6)
FN:71,(anonymous_7)
FN:79,(anonymous_8)
FN:87,(anonymous_9)
FN:95,(anonymous_10)
FNF:10
FNH:2
FNDA:2,(anonymous_1)
FNDA:1,(anonymous_2)
FNDA:0,(anonymous_3)
FNDA:0,(anonymous_4)
FNDA:0,(anonymous_5)
FNDA:0,(anonymous_6)
FNDA:0,(anonymous_7)
FNDA:0,(anonymous_8)
FNDA:0,(anonymous_9)
FNDA:0,(anonymous_10)
DA:2,1
DA:3,1
DA:4,1
DA:9,2
DA:10,2
DA:11,1
DA:19,1
DA:20,1
DA:21,1
DA:22,1
DA:31,0
DA:32,0
DA:37,0
DA:38,0
DA:39,0
DA:40,0
DA:41,0
DA:43,0
DA:48,0
DA:49,0
DA:50,0
DA:51,0
DA:52,0
DA:53,0
DA:58,0
DA:59,0
DA:60,0
DA:61,0
DA:62,0
DA:66,0
DA:67,0
DA:72,0
DA:73,0
DA:74,0
DA:75,0
DA:80,0
DA:81,0
DA:82,0
DA:83,0
DA:88,0
DA:89,0
DA:90,0
DA:91,0
DA:96,0
DA:97,0
DA:98,0
DA:99,0
DA:103,10
LF:48
LH:11
BRDA:40,0,0,0
BRDA:61,1,0,0
BRF:2
BRH:0
end_of_record
TN:
SF:src/controllers/comments/article-cmt-controller.ts
FN:5,(anonymous_1)
FN:16,(anonymous_2)
FN:29,(anonymous_3)
FN:42,(anonymous_4)
FN:50,(anonymous_5)
FN:58,(anonymous_6)
FNF:6
FNH:0
FNDA:0,(anonymous_1)
FNDA:0,(anonymous_2)
FNDA:0,(anonymous_3)
FNDA:0,(anonymous_4)
FNDA:0,(anonymous_5)
FNDA:0,(anonymous_6)
DA:2,1
DA:6,0
DA:7,0
DA:8,0
DA:9,0
DA:13,0
DA:17,0
DA:18,0
DA:19,0
DA:20,0
DA:21,0
DA:26,0
DA:30,0
DA:31,0
DA:32,0
DA:33,0
DA:34,0
DA:39,0
DA:43,0
DA:44,0
DA:45,0
DA:46,0
DA:47,0
DA:51,0
DA:52,0
DA:53,0
DA:54,0
DA:55,0
DA:59,0
DA:60,0
DA:61,0
DA:62,0
DA:63,0
DA:67,6
LF:34
LH:2
BRF:0
BRH:0
end_of_record
TN:
SF:src/controllers/comments/product-cmt-controller.ts
FN:5,(anonymous_1)
FN:16,(anonymous_2)
FN:29,(anonymous_3)
FN:42,(anonymous_4)
FN:50,(anonymous_5)
FN:58,(anonymous_6)
FNF:6
FNH:0
FNDA:0,(anonymous_1)
FNDA:0,(anonymous_2)
FNDA:0,(anonymous_3)
FNDA:0,(anonymous_4)
FNDA:0,(anonymous_5)
FNDA:0,(anonymous_6)
DA:2,1
DA:6,0
DA:7,0
DA:8,0
DA:9,0
DA:13,0
DA:17,0
DA:18,0
DA:19,0
DA:20,0
DA:21,0
DA:26,0
DA:30,0
DA:31,0
DA:32,0
DA:33,0
DA:34,0
DA:39,0
DA:43,0
DA:44,0
DA:45,0
DA:46,0
DA:47,0
DA:51,0
DA:52,0
DA:53,0
DA:54,0
DA:55,0
DA:59,0
DA:60,0
DA:61,0
DA:62,0
DA:63,0
DA:67,6
LF:34
LH:2
BRF:0
BRH:0
end_of_record
TN:
SF:src/lib/appError.ts
FN:5,(anonymous_2)
FNF:1
FNH:0
FNDA:0,(anonymous_2)
DA:1,0
DA:6,0
DA:7,0
DA:8,0
LF:4
LH:0
BRDA:5,0,0,0
BRF:1
BRH:0
end_of_record
TN:
SF:src/lib/constants.ts
FNF:0
FNH:0
DA:4,1
DA:5,1
DA:8,1
DA:9,1
DA:12,1
DA:13,0
DA:17,1
DA:18,1
DA:20,1
DA:21,1
DA:24,2
DA:25,0
DA:26,2
DA:27,2
DA:28,3
DA:29,3
LF:16
LH:14
BRDA:4,0,0,1
BRDA:4,0,1,0
BRDA:5,1,0,1
BRDA:5,1,1,1
BRDA:12,2,0,0
BRDA:12,3,0,1
BRDA:12,3,1,1
BRF:7
BRH:5
end_of_record
TN:
SF:src/lib/dirname.ts
FN:4,dirnameFromMeta
FNF:1
FNH:1
FNDA:1,dirnameFromMeta
DA:1,1
DA:2,1
DA:4,1
DA:5,1
DA:6,0
DA:7,0
LF:6
LH:4
BRDA:5,0,0,1
BRF:1
BRH:1
end_of_record
TN:
SF:src/lib/exclude.ts
FN:1,exclude
FNF:1
FNH:1
FNDA:1,exclude
DA:1,1
DA:5,1
DA:6,1
DA:8,1
LF:4
LH:4
BRF:0
BRH:0
end_of_record
TN:
SF:src/lib/prismaClient.ts
FNF:0
FNH:0
DA:15,0
DA:20,0
LF:2
LH:0
BRDA:15,0,0,0
BRDA:15,0,1,0
BRDA:20,1,0,0
BRF:3
BRH:0
end_of_record
TN:
SF:src/lib/token.ts
FN:5,generateTokens
FN:18,verifyAccessToken
FN:26,verifyRefreshToken
FNF:3
FNH:1
FNDA:1,generateTokens
FNDA:0,verifyAccessToken
FNDA:0,verifyRefreshToken
DA:1,1
DA:2,1
DA:3,1
DA:6,1
DA:9,1
DA:12,1
DA:19,0
DA:20,0
DA:21,0
DA:23,0
DA:27,0
DA:28,0
DA:29,0
DA:31,0
DA:34,1
LF:15
LH:7
BRDA:20,0,0,0
BRDA:28,1,0,0
BRF:2
BRH:0
end_of_record
TN:
SF:src/lib/wsAuth.ts
FN:4,parseUserIdFromToken
FNF:1
FNH:0
FNDA:0,parseUserIdFromToken
DA:5,0
DA:6,0
DA:9,0
DA:10,0
DA:11,0
DA:12,0
DA:15,0
LF:7
LH:0
BRDA:5,0,0,0
BRDA:11,1,0,0
BRF:2
BRH:0
end_of_record
TN:
SF:src/lib/passport/index.ts
FNF:0
FNH:0
DA:1,1
DA:2,1
DA:3,1
DA:6,1
DA:7,1
DA:8,1
DA:11,1
DA:12,34
DA:15,1
DA:19,1
LF:10
LH:10
BRF:0
BRH:0
end_of_record
TN:
SF:src/lib/passport/jwtStrategy.ts
FN:20,jwtVerify
FNF:1
FNH:0
FNDA:0,jwtVerify
DA:5,1
DA:6,1
DA:8,1
DA:10,1
DA:15,1
DA:21,0
DA:22,0
DA:25,0
DA:27,0
DA:31,1
DA:36,1
LF:11
LH:7
BRF:0
BRH:0
end_of_record
TN:
SF:src/lib/passport/localStrategy.ts
FN:8,(anonymous_5)
FNF:1
FNH:1
FNDA:3,(anonymous_5)
DA:1,1
DA:2,1
DA:3,1
DA:4,1
DA:8,1
DA:13,3
DA:15,3
DA:25,3
DA:27,1
DA:31,2
DA:32,2
DA:34,1
DA:38,1
DA:45,1
DA:48,0
LF:15
LH:14
BRDA:25,0,0,1
BRDA:32,1,0,1
BRF:2
BRH:2
end_of_record
TN:
SF:src/middlewares/authorize.ts
FN:12,(anonymous_8)
FN:13,(anonymous_9)
FN:28,(anonymous_10)
FN:36,(anonymous_11)
FN:44,(anonymous_12)
FN:52,(anonymous_13)
FN:68,(anonymous_14)
FNF:7
FNH:1
FNDA:3,(anonymous_8)
FNDA:0,(anonymous_9)
FNDA:0,(anonymous_10)
FNDA:0,(anonymous_11)
FNDA:0,(anonymous_12)
FNDA:0,(anonymous_13)
FNDA:0,(anonymous_14)
DA:1,1
DA:2,1
DA:12,1
DA:13,3
DA:14,0
DA:15,0
DA:16,0
DA:17,0
DA:18,0
DA:19,0
DA:21,0
DA:22,0
DA:23,0
DA:28,3
DA:29,0
DA:36,2
DA:37,0
DA:44,4
DA:45,0
DA:52,9
DA:53,0
DA:54,0
DA:56,0
DA:57,0
DA:60,0
DA:61,0
DA:64,0
DA:68,1
DA:69,0
DA:70,0
DA:71,0
DA:72,0
DA:77,0
DA:78,0
DA:79,0
DA:82,0
DA:83,0
DA:84,0
DA:87,0
DA:88,0
DA:89,0
DA:92,0
DA:94,0
LF:43
LH:9
BRDA:15,0,0,0
BRDA:18,1,0,0
BRDA:21,2,0,0
BRDA:30,3,0,0
BRDA:30,3,1,0
BRDA:30,4,0,0
BRDA:30,4,1,0
BRDA:38,5,0,0
BRDA:38,5,1,0
BRDA:38,6,0,0
BRDA:38,6,1,0
BRDA:46,7,0,0
BRDA:46,7,1,0
BRDA:46,8,0,0
BRDA:46,8,1,0
BRDA:53,9,0,0
BRDA:53,9,1,0
BRDA:56,10,0,0
BRDA:60,11,0,0
BRDA:60,12,0,0
BRDA:60,12,1,0
BRDA:71,13,0,0
BRDA:78,14,0,0
BRDA:83,15,0,0
BRDA:88,16,0,0
BRF:25
BRH:0
end_of_record
TN:
SF:src/middlewares/errorHandler.ts
FN:7,(anonymous_9)
FN:13,(anonymous_10)
FN:18,(anonymous_11)
FN:23,(anonymous_12)
FN:28,(anonymous_13)
FN:37,isHttpError
FN:53,mapPrismaKnown
FN:59,(anonymous_16)
FN:83,mapPrismaLike
FN:89,(anonymous_18)
FN:113,mapMulter
FN:125,(anonymous_20)
FNF:12
FNH:4
FNDA:0,(anonymous_9)
FNDA:0,(anonymous_10)
FNDA:0,(anonymous_11)
FNDA:0,(anonymous_12)
FNDA:0,(anonymous_13)
FNDA:1,isHttpError
FNDA:0,mapPrismaKnown
FNDA:0,(anonymous_16)
FNDA:1,mapPrismaLike
FNDA:1,(anonymous_18)
FNDA:0,mapMulter
FNDA:1,(anonymous_20)
DA:2,1
DA:3,1
DA:6,0
DA:8,0
DA:9,0
DA:12,0
DA:14,0
DA:17,0
DA:19,0
DA:22,0
DA:24,0
DA:27,0
DA:29,0
DA:38,1
DA:56,0
DA:57,0
DA:59,0
DA:63,0
DA:64,0
DA:65,0
DA:67,0
DA:68,0
DA:69,0
DA:70,0
DA:71,0
DA:72,0
DA:73,0
DA:74,0
DA:75,0
DA:76,0
DA:77,0
DA:79,0
DA:84,1
DA:85,1
DA:87,1
DA:89,1
DA:93,1
DA:94,1
DA:95,1
DA:97,1
DA:98,1
DA:99,1
DA:100,0
DA:101,1
DA:102,0
DA:103,0
DA:104,0
DA:105,0
DA:106,0
DA:107,0
DA:109,1
DA:114,0
DA:115,0
DA:116,0
DA:117,0
DA:118,0
DA:119,0
DA:120,0
DA:121,0
DA:125,1
DA:127,1
DA:129,1
DA:132,1
DA:133,1
DA:134,1
DA:138,1
DA:139,0
DA:140,0
DA:141,0
DA:144,1
DA:145,0
DA:146,0
DA:147,0
DA:150,1
DA:151,0
DA:152,0
DA:153,0
DA:154,0
DA:155,0
DA:158,1
DA:159,0
DA:160,0
DA:161,0
DA:162,0
DA:163,0
DA:167,1
DA:168,1
DA:169,1
DA:170,1
DA:171,1
DA:172,1
DA:173,1
DA:186,1
DA:188,1
DA:189,1
DA:190,1
DA:191,1
DA:192,1
DA:193,1
DA:195,0
DA:198,1
DA:201,1
LF:102
LH:41
BRDA:7,0,0,0
BRDA:7,1,0,0
BRDA:13,2,0,0
BRDA:18,3,0,0
BRDA:23,4,0,0
BRDA:28,5,0,0
BRDA:39,6,0,1
BRDA:39,6,1,1
BRDA:39,6,2,1
BRDA:39,6,3,1
BRDA:59,7,0,0
BRDA:59,7,1,0
BRDA:59,8,0,0
BRDA:59,8,1,0
BRDA:67,9,0,0
BRDA:67,9,1,0
BRDA:68,10,0,0
BRDA:68,10,1,0
BRDA:69,11,0,0
BRDA:69,11,1,0
BRDA:72,12,0,0
BRDA:72,12,1,0
BRDA:75,13,0,0
BRDA:85,14,0,0
BRDA:89,15,0,1
BRDA:89,15,1,0
BRDA:89,16,0,1
BRDA:89,16,1,1
BRDA:97,17,0,1
BRDA:97,17,1,0
BRDA:98,18,0,0
BRDA:98,18,1,1
BRDA:99,19,0,1
BRDA:99,19,1,0
BRDA:102,20,0,0
BRDA:102,20,1,0
BRDA:105,21,0,0
BRDA:115,22,0,0
BRDA:115,22,1,0
BRDA:117,23,0,0
BRDA:117,23,1,0
BRDA:119,24,0,0
BRDA:127,25,0,1
BRDA:127,25,1,0
BRDA:133,26,0,1
BRDA:133,26,1,0
BRDA:134,27,0,1
BRDA:134,27,1,0
BRDA:138,28,0,0
BRDA:138,28,1,1
BRDA:144,29,0,0
BRDA:144,29,1,1
BRDA:145,30,0,0
BRDA:145,30,1,0
BRDA:146,31,0,0
BRDA:146,31,1,0
BRDA:147,32,0,0
BRDA:147,32,1,0
BRDA:150,33,0,0
BRDA:150,33,1,1
BRDA:158,34,0,0
BRDA:167,35,0,1
BRDA:169,36,0,1
BRDA:188,37,0,1
BRDA:188,37,1,0
BRDA:189,38,0,1
BRDA:193,39,0,1
BRDA:195,40,0,0
BRF:68
BRH:21
end_of_record
TN:
SF:src/middlewares/logger.ts
FN:3,(anonymous_1)
FN:6,(anonymous_2)
FNF:2
FNH:2
FNDA:5,(anonymous_1)
FNDA:5,(anonymous_2)
DA:3,1
DA:4,5
DA:6,5
DA:7,5
DA:8,5
DA:13,5
LF:6
LH:6
BRF:0
BRH:0
end_of_record
TN:
SF:src/middlewares/validation.ts
FN:103,(anonymous_2)
FN:147,(anonymous_3)
FN:148,(anonymous_4)
FN:152,(anonymous_5)
FN:159,(anonymous_6)
FN:160,(anonymous_7)
FN:164,(anonymous_8)
FN:172,(anonymous_9)
FN:173,(anonymous_10)
FN:177,(anonymous_11)
FN:12,(anonymous_13)
FN:16,(anonymous_14)
FN:20,(anonymous_15)
FN:34,(anonymous_16)
FN:40,(anonymous_17)
FN:50,(anonymous_18)
FN:54,(anonymous_19)
FN:65,(anonymous_20)
FN:74,(anonymous_21)
FN:95,(anonymous_22)
FN:98,(anonymous_23)
FN:133,(anonymous_24)
FNF:22
FNH:3
FNDA:0,(anonymous_2)
FNDA:10,(anonymous_3)
FNDA:0,(anonymous_4)
FNDA:0,(anonymous_5)
FNDA:27,(anonymous_6)
FNDA:0,(anonymous_7)
FNDA:0,(anonymous_8)
FNDA:1,(anonymous_9)
FNDA:0,(anonymous_10)
FNDA:0,(anonymous_11)
FNDA:0,(anonymous_13)
FNDA:0,(anonymous_14)
FNDA:0,(anonymous_15)
FNDA:0,(anonymous_16)
FNDA:0,(anonymous_17)
FNDA:0,(anonymous_18)
FNDA:0,(anonymous_19)
FNDA:0,(anonymous_20)
FNDA:0,(anonymous_21)
FNDA:0,(anonymous_22)
FNDA:0,(anonymous_23)
FNDA:0,(anonymous_24)
DA:2,1
DA:3,1
DA:10,1
DA:12,0
DA:16,0
DA:20,0
DA:27,1
DA:34,0
DA:38,1
DA:40,0
DA:48,1
DA:50,0
DA:54,0
DA:60,1
DA:65,0
DA:72,1
DA:74,0
DA:79,1
DA:93,1
DA:95,0
DA:98,0
DA:104,0
DA:107,0
DA:110,0
DA:111,0
DA:115,0
DA:116,0
DA:117,0
DA:120,0
DA:124,1
DA:135,0
DA:136,0
DA:137,0
DA:148,10
DA:149,0
DA:150,0
DA:151,0
DA:152,0
DA:155,0
DA:160,27
DA:161,0
DA:162,0
DA:163,0
DA:164,0
DA:167,0
DA:173,1
DA:174,0
DA:175,0
DA:176,0
DA:177,0
DA:180,0
DA:181,0
DA:186,78
LF:53
LH:15
BRDA:110,0,0,0
BRDA:116,1,0,0
BRDA:150,2,0,0
BRDA:162,3,0,0
BRDA:175,4,0,0
BRDA:12,5,0,0
BRDA:12,5,1,0
BRDA:16,6,0,0
BRDA:16,6,1,0
BRDA:20,7,0,0
BRDA:20,7,1,0
BRDA:40,8,0,0
BRDA:40,8,1,0
BRDA:50,9,0,0
BRDA:50,9,1,0
BRDA:54,10,0,0
BRDA:54,10,1,0
BRDA:74,11,0,0
BRDA:74,11,1,0
BRDA:135,12,0,0
BRDA:135,12,1,0
BRDA:136,13,0,0
BRDA:136,14,0,0
BRDA:136,14,1,0
BRDA:136,14,2,0
BRF:25
BRH:0
end_of_record
TN:
SF:src/prisma/seed.ts
FN:5,(anonymous_0)
FN:137,(anonymous_1)
FN:141,(anonymous_2)
FNF:3
FNH:0
FNDA:0,(anonymous_0)
FNDA:0,(anonymous_1)
FNDA:0,(anonymous_2)
DA:5,0
DA:8,0
DA:9,0
DA:10,0
DA:19,0
DA:29,0
DA:40,0
DA:51,0
DA:63,0
DA:72,0
DA:81,0
DA:91,0
DA:136,0
DA:138,0
DA:139,0
DA:142,0
DA:143,0
DA:144,0
LF:18
LH:0
BRF:0
BRH:0
end_of_record
TN:
SF:src/repositories/article-repository.ts
FN:6,(anonymous_1)
FN:12,(anonymous_2)
FN:29,(anonymous_3)
FN:39,(anonymous_4)
FN:50,(anonymous_5)
FN:56,(anonymous_6)
FN:60,(anonymous_7)
FN:74,(anonymous_8)
FN:82,(anonymous_9)
FNF:9
FNH:0
FNDA:0,(anonymous_1)
FNDA:0,(anonymous_2)
FNDA:0,(anonymous_3)
FNDA:0,(anonymous_4)
FNDA:0,(anonymous_5)
FNDA:0,(anonymous_6)
FNDA:0,(anonymous_7)
FNDA:0,(anonymous_8)
FNDA:0,(anonymous_9)
DA:1,1
DA:9,0
DA:13,0
DA:30,0
DA:44,0
DA:51,0
DA:57,0
DA:61,0
DA:75,0
DA:83,0
DA:90,1
LF:11
LH:2
BRDA:22,0,0,0
BRDA:22,0,1,0
BRDA:57,1,0,0
BRDA:57,1,1,0
BRF:4
BRH:0
end_of_record
TN:
SF:src/repositories/like-repository.ts
FN:29,(anonymous_7)
FN:35,(anonymous_8)
FN:46,(anonymous_9)
FN:52,(anonymous_10)
FN:64,(anonymous_11)
FN:75,(anonymous_12)
FN:96,(anonymous_13)
FN:102,(anonymous_14)
FN:113,(anonymous_15)
FN:119,(anonymous_16)
FN:131,(anonymous_17)
FN:143,(anonymous_18)
FN:163,(anonymous_19)
FN:178,(anonymous_20)
FN:186,(anonymous_21)
FN:192,(anonymous_22)
FN:203,(anonymous_23)
FN:209,(anonymous_24)
FN:221,(anonymous_25)
FN:233,(anonymous_26)
FNF:20
FNH:0
FNDA:0,(anonymous_7)
FNDA:0,(anonymous_8)
FNDA:0,(anonymous_9)
FNDA:0,(anonymous_10)
FNDA:0,(anonymous_11)
FNDA:0,(anonymous_12)
FNDA:0,(anonymous_13)
FNDA:0,(anonymous_14)
FNDA:0,(anonymous_15)
FNDA:0,(anonymous_16)
FNDA:0,(anonymous_17)
FNDA:0,(anonymous_18)
FNDA:0,(anonymous_19)
FNDA:0,(anonymous_20)
FNDA:0,(anonymous_21)
FNDA:0,(anonymous_22)
FNDA:0,(anonymous_23)
FNDA:0,(anonymous_24)
FNDA:0,(anonymous_25)
FNDA:0,(anonymous_26)
DA:1,1
DA:28,0
DA:30,0
DA:36,0
DA:47,0
DA:53,0
DA:61,0
DA:67,0
DA:72,0
DA:79,0
DA:88,0
DA:95,0
DA:97,0
DA:103,0
DA:114,0
DA:120,0
DA:128,0
DA:134,0
DA:140,0
DA:147,0
DA:157,0
DA:164,0
DA:178,0
DA:185,0
DA:187,0
DA:193,0
DA:204,0
DA:210,0
DA:218,0
DA:224,0
DA:230,0
DA:237,0
DA:247,0
DA:254,1
DA:255,1
DA:256,1
LF:36
LH:4
BRF:0
BRH:0
end_of_record
TN:
SF:src/repositories/notification-repository.ts
FN:5,(anonymous_1)
FN:16,(anonymous_2)
FN:23,(anonymous_3)
FN:29,(anonymous_4)
FN:36,(anonymous_5)
FNF:5
FNH:0
FNDA:0,(anonymous_1)
FNDA:0,(anonymous_2)
FNDA:0,(anonymous_3)
FNDA:0,(anonymous_4)
FNDA:0,(anonymous_5)
DA:1,1
DA:6,0
DA:17,0
DA:24,0
DA:30,0
DA:37,0
DA:44,1
LF:7
LH:2
BRDA:9,0,0,0
BRDA:9,0,1,0
BRDA:10,1,0,0
BRDA:10,1,1,0
BRDA:11,2,0,0
BRDA:11,2,1,0
BRF:6
BRH:0
end_of_record
TN:
SF:src/repositories/product-repository.ts
FN:6,(anonymous_1)
FN:12,(anonymous_2)
FN:29,(anonymous_3)
FN:35,(anonymous_4)
FN:53,(anonymous_5)
FN:60,(anonymous_6)
FN:71,(anonymous_7)
FN:75,(anonymous_8)
FN:79,(anonymous_9)
FN:94,(anonymous_10)
FN:102,(anonymous_11)
FN:110,(anonymous_12)
FN:117,(anonymous_13)
FNF:13
FNH:0
FNDA:0,(anonymous_1)
FNDA:0,(anonymous_2)
FNDA:0,(anonymous_3)
FNDA:0,(anonymous_4)
FNDA:0,(anonymous_5)
FNDA:0,(anonymous_6)
FNDA:0,(anonymous_7)
FNDA:0,(anonymous_8)
FNDA:0,(anonymous_9)
FNDA:0,(anonymous_10)
FNDA:0,(anonymous_11)
FNDA:0,(anonymous_12)
FNDA:0,(anonymous_13)
DA:1,1
DA:9,0
DA:13,0
DA:30,0
DA:42,0
DA:54,0
DA:65,0
DA:72,0
DA:76,0
DA:80,0
DA:95,0
DA:103,0
DA:111,0
DA:118,0
DA:125,1
LF:15
LH:2
BRDA:22,0,0,0
BRDA:22,0,1,0
BRDA:76,1,0,0
BRDA:76,1,1,0
BRF:4
BRH:0
end_of_record
TN:
SF:src/repositories/user-repository.ts
FN:5,(anonymous_1)
FN:9,(anonymous_2)
FN:16,(anonymous_3)
FN:25,(anonymous_4)
FN:40,(anonymous_5)
FN:46,(anonymous_6)
FN:58,(anonymous_7)
FN:66,(anonymous_8)
FN:81,(anonymous_9)
FNF:9
FNH:2
FNDA:2,(anonymous_1)
FNDA:0,(anonymous_2)
FNDA:2,(anonymous_3)
FNDA:0,(anonymous_4)
FNDA:0,(anonymous_5)
FNDA:0,(anonymous_6)
FNDA:0,(anonymous_7)
FNDA:0,(anonymous_8)
FNDA:0,(anonymous_9)
DA:1,1
DA:6,2
DA:10,0
DA:21,2
DA:26,0
DA:41,0
DA:47,0
DA:59,0
DA:67,0
DA:82,0
DA:99,4
LF:11
LH:4
BRF:0
BRH:0
end_of_record
TN:
SF:src/repositories/comments/article-cmt-repository.ts
FN:4,(anonymous_1)
FN:18,(anonymous_2)
FNF:2
FNH:0
FNDA:0,(anonymous_1)
FNDA:0,(anonymous_2)
DA:1,1
DA:3,1
DA:5,0
DA:19,0
LF:4
LH:2
BRF:0
BRH:0
end_of_record
TN:
SF:src/repositories/comments/comment-repository.ts
FN:4,(anonymous_1)
FN:13,(anonymous_2)
FN:20,(anonymous_3)
FN:27,(anonymous_4)
FN:41,(anonymous_5)
FNF:5
FNH:0
FNDA:0,(anonymous_1)
FNDA:0,(anonymous_2)
FNDA:0,(anonymous_3)
FNDA:0,(anonymous_4)
FNDA:0,(anonymous_5)
DA:1,1
DA:5,0
DA:14,0
DA:21,0
DA:28,0
DA:42,0
DA:48,1
LF:7
LH:2
BRF:0
BRH:0
end_of_record
TN:
SF:src/repositories/comments/product-cmt-repository.ts
FN:4,(anonymous_1)
FN:18,(anonymous_2)
FN:28,(anonymous_3)
FN:36,(anonymous_4)
FNF:4
FNH:0
FNDA:0,(anonymous_1)
FNDA:0,(anonymous_2)
FNDA:0,(anonymous_3)
FNDA:0,(anonymous_4)
DA:1,1
DA:3,1
DA:5,0
DA:19,0
DA:29,0
DA:37,0
LF:6
LH:2
BRF:0
BRH:0
end_of_record
TN:
SF:src/routes/article-router.ts
FNF:0
FNH:0
DA:1,1
DA:2,1
DA:3,1
DA:4,1
DA:5,1
DA:7,1
DA:10,1
DA:22,1
DA:43,1
DA:56,1
LF:10
LH:10
BRF:0
BRH:0
end_of_record
TN:
SF:src/routes/auth-router.ts
FN:9,(anonymous_2)
FNF:1
FNH:0
FNDA:0,(anonymous_2)
DA:1,1
DA:2,1
DA:3,1
DA:4,1
DA:6,1
DA:9,1
DA:10,0
DA:11,0
DA:12,0
DA:13,0
DA:15,0
DA:17,0
DA:19,0
DA:21,0
DA:23,0
DA:29,1
LF:16
LH:7
BRDA:12,0,0,0
BRF:1
BRH:0
end_of_record
TN:
SF:src/routes/index.ts
FNF:0
FNH:0
DA:1,1
DA:2,1
DA:3,1
DA:4,1
DA:5,1
DA:6,1
DA:7,1
DA:8,1
DA:9,1
DA:11,1
DA:13,1
DA:14,1
DA:15,1
DA:16,1
DA:17,1
DA:18,1
DA:19,1
DA:20,1
DA:22,1
LF:19
LH:19
BRF:0
BRH:0
end_of_record
TN:
SF:src/routes/notification-router.ts
FNF:0
FNH:0
DA:1,1
DA:2,1
DA:3,1
DA:5,1
DA:7,1
DA:8,1
DA:13,1
DA:18,1
DA:20,1
LF:9
LH:9
BRF:0
BRH:0
end_of_record
TN:
SF:src/routes/product-router.ts
FNF:0
FNH:0
DA:1,1
DA:2,1
DA:3,1
DA:4,1
DA:5,1
DA:7,1
DA:10,1
DA:20,1
DA:41,1
DA:54,1
DA:63,1
LF:11
LH:11
BRF:0
BRH:0
end_of_record
TN:
SF:src/routes/user-router.ts
FNF:0
FNH:0
DA:1,1
DA:2,1
DA:3,1
DA:4,1
DA:5,1
DA:6,1
DA:7,1
DA:9,1
DA:67,1
DA:117,1
DA:143,1
DA:243,1
DA:306,1
DA:468,1
DA:475,1
DA:482,1
DA:491,1
DA:499,1
DA:507,1
DA:515,1
LF:20
LH:20
BRF:0
BRH:0
end_of_record
TN:
SF:src/routes/comments/article-cmt-router.ts
FNF:0
FNH:0
DA:1,1
DA:2,1
DA:3,1
DA:4,1
DA:5,1
DA:7,1
DA:9,1
DA:19,1
DA:36,1
DA:49,1
LF:10
LH:10
BRF:0
BRH:0
end_of_record
TN:
SF:src/routes/comments/product-cmt-router.ts
FNF:0
FNH:0
DA:1,1
DA:2,1
DA:3,1
DA:4,1
DA:5,1
DA:7,1
DA:10,1
DA:20,1
DA:37,1
DA:50,1
LF:10
LH:10
BRF:0
BRH:0
end_of_record
TN:
SF:src/services/article-service.ts
FN:12,(anonymous_2)
FN:44,(anonymous_3)
FN:45,(anonymous_4)
FN:45,(anonymous_5)
FN:51,(anonymous_6)
FN:58,(anonymous_7)
FN:69,(anonymous_8)
FN:75,(anonymous_9)
FN:78,(anonymous_10)
FN:82,(anonymous_11)
FN:99,(anonymous_12)
FN:109,(anonymous_13)
FN:115,(anonymous_14)
FN:124,(anonymous_15)
FN:127,(anonymous_16)
FN:142,(anonymous_17)
FN:156,(anonymous_18)
FN:171,(anonymous_19)
FN:180,(anonymous_20)
FN:185,(anonymous_21)
FN:190,(anonymous_22)
FN:201,(anonymous_23)
FNF:22
FNH:0
FNDA:0,(anonymous_2)
FNDA:0,(anonymous_3)
FNDA:0,(anonymous_4)
FNDA:0,(anonymous_5)
FNDA:0,(anonymous_6)
FNDA:0,(anonymous_7)
FNDA:0,(anonymous_8)
FNDA:0,(anonymous_9)
FNDA:0,(anonymous_10)
FNDA:0,(anonymous_11)
FNDA:0,(anonymous_12)
FNDA:0,(anonymous_13)
FNDA:0,(anonymous_14)
FNDA:0,(anonymous_15)
FNDA:0,(anonymous_16)
FNDA:0,(anonymous_17)
FNDA:0,(anonymous_18)
FNDA:0,(anonymous_19)
FNDA:0,(anonymous_20)
FNDA:0,(anonymous_21)
FNDA:0,(anonymous_22)
FNDA:0,(anonymous_23)
DA:2,1
DA:6,1
DA:8,1
DA:13,0
DA:14,0
DA:15,0
DA:16,0
DA:17,0
DA:20,0
DA:22,0
DA:31,0
DA:44,0
DA:45,0
DA:47,0
DA:50,0
DA:51,0
DA:54,0
DA:57,0
DA:58,0
DA:61,0
DA:62,0
DA:64,0
DA:65,0
DA:69,0
DA:71,0
DA:75,0
DA:78,0
DA:82,0
DA:89,0
DA:90,0
DA:92,0
DA:100,0
DA:102,0
DA:104,0
DA:105,0
DA:109,0
DA:111,0
DA:114,0
DA:115,0
DA:118,0
DA:119,0
DA:120,0
DA:124,0
DA:127,0
DA:133,0
DA:143,0
DA:145,0
DA:150,0
DA:152,0
DA:161,0
DA:162,0
DA:163,0
DA:165,0
DA:167,0
DA:172,0
DA:173,0
DA:174,0
DA:176,0
DA:181,0
DA:186,0
DA:191,0
DA:192,0
DA:193,0
DA:195,0
DA:196,0
DA:197,0
DA:202,0
DA:203,0
DA:204,0
DA:206,0
DA:207,0
DA:208,0
DA:212,1
LF:73
LH:4
BRDA:13,0,0,0
BRDA:13,0,1,0
BRDA:14,1,0,0
BRDA:14,1,1,0
BRDA:16,2,0,0
BRDA:16,2,1,0
BRDA:17,3,0,0
BRDA:17,3,1,0
BRDA:20,4,0,0
BRDA:20,4,1,0
BRDA:22,5,0,0
BRDA:22,5,1,0
BRDA:64,6,0,0
BRDA:80,7,0,0
BRDA:80,7,1,0
BRDA:81,8,0,0
BRDA:81,8,1,0
BRDA:84,9,0,0
BRDA:84,9,1,0
BRDA:85,10,0,0
BRDA:85,10,1,0
BRDA:102,11,0,0
BRDA:105,12,0,0
BRDA:105,12,1,0
BRDA:119,13,0,0
BRDA:129,14,0,0
BRDA:129,14,1,0
BRDA:130,15,0,0
BRDA:130,15,1,0
BRDA:143,16,0,0
BRDA:150,17,0,0
BRDA:162,18,0,0
BRDA:163,19,0,0
BRDA:173,20,0,0
BRDA:192,21,0,0
BRDA:203,22,0,0
BRF:36
BRH:0
end_of_record
TN:
SF:src/services/notification-service.ts
FN:5,(anonymous_1)
FN:37,(anonymous_2)
FN:76,(anonymous_3)
FN:108,(anonymous_4)
FN:112,(anonymous_5)
FN:116,(anonymous_6)
FN:120,(anonymous_7)
FNF:7
FNH:0
FNDA:0,(anonymous_1)
FNDA:0,(anonymous_2)
FNDA:0,(anonymous_3)
FNDA:0,(anonymous_4)
FNDA:0,(anonymous_5)
FNDA:0,(anonymous_6)
FNDA:0,(anonymous_7)
DA:1,1
DA:2,1
DA:4,1
DA:12,0
DA:14,0
DA:16,0
DA:24,0
DA:34,0
DA:50,0
DA:52,0
DA:54,0
DA:63,0
DA:73,0
DA:84,0
DA:85,0
DA:87,0
DA:95,0
DA:105,0
DA:109,0
DA:113,0
DA:117,0
DA:121,0
LF:22
LH:3
BRDA:29,0,0,0
BRDA:29,0,1,0
BRDA:68,1,0,0
BRDA:68,1,1,0
BRDA:68,2,0,0
BRDA:68,2,1,0
BRDA:100,3,0,0
BRDA:100,3,1,0
BRDA:100,4,0,0
BRDA:100,4,1,0
BRF:10
BRH:0
end_of_record
TN:
SF:src/services/product-service.ts
FN:13,(anonymous_2)
FN:45,(anonymous_3)
FN:46,(anonymous_4)
FN:46,(anonymous_5)
FN:52,(anonymous_6)
FN:59,(anonymous_7)
FN:70,(anonymous_8)
FN:76,(anonymous_9)
FN:79,(anonymous_10)
FN:83,(anonymous_11)
FN:100,(anonymous_12)
FN:110,(anonymous_13)
FN:116,(anonymous_14)
FN:125,(anonymous_15)
FN:128,(anonymous_16)
FN:144,(anonymous_17)
FN:162,(anonymous_18)
FN:201,(anonymous_19)
FN:215,(anonymous_20)
FN:223,(anonymous_21)
FN:228,(anonymous_22)
FN:233,(anonymous_23)
FN:244,(anonymous_24)
FNF:23
FNH:0
FNDA:0,(anonymous_2)
FNDA:0,(anonymous_3)
FNDA:0,(anonymous_4)
FNDA:0,(anonymous_5)
FNDA:0,(anonymous_6)
FNDA:0,(anonymous_7)
FNDA:0,(anonymous_8)
FNDA:0,(anonymous_9)
FNDA:0,(anonymous_10)
FNDA:0,(anonymous_11)
FNDA:0,(anonymous_12)
FNDA:0,(anonymous_13)
FNDA:0,(anonymous_14)
FNDA:0,(anonymous_15)
FNDA:0,(anonymous_16)
FNDA:0,(anonymous_17)
FNDA:0,(anonymous_18)
FNDA:0,(anonymous_19)
FNDA:0,(anonymous_20)
FNDA:0,(anonymous_21)
FNDA:0,(anonymous_22)
FNDA:0,(anonymous_23)
FNDA:0,(anonymous_24)
DA:2,1
DA:6,1
DA:8,1
DA:9,1
DA:14,0
DA:15,0
DA:16,0
DA:17,0
DA:18,0
DA:21,0
DA:23,0
DA:32,0
DA:45,0
DA:46,0
DA:48,0
DA:51,0
DA:52,0
DA:55,0
DA:58,0
DA:59,0
DA:62,0
DA:63,0
DA:65,0
DA:66,0
DA:70,0
DA:72,0
DA:76,0
DA:79,0
DA:83,0
DA:90,0
DA:91,0
DA:93,0
DA:101,0
DA:103,0
DA:105,0
DA:106,0
DA:110,0
DA:112,0
DA:115,0
DA:116,0
DA:119,0
DA:120,0
DA:121,0
DA:125,0
DA:128,0
DA:134,0
DA:141,0
DA:151,0
DA:158,0
DA:159,0
DA:168,0
DA:169,0
DA:170,0
DA:174,0
DA:176,0
DA:179,0
DA:184,0
DA:185,0
DA:194,0
DA:198,0
DA:206,0
DA:207,0
DA:208,0
DA:210,0
DA:212,0
DA:216,0
DA:217,0
DA:218,0
DA:224,0
DA:229,0
DA:234,0
DA:235,0
DA:236,0
DA:238,0
DA:239,0
DA:240,0
DA:245,0
DA:246,0
DA:247,0
DA:249,0
DA:250,0
DA:251,0
DA:255,1
LF:83
LH:5
BRDA:14,0,0,0
BRDA:14,0,1,0
BRDA:15,1,0,0
BRDA:15,1,1,0
BRDA:17,2,0,0
BRDA:17,2,1,0
BRDA:18,3,0,0
BRDA:18,3,1,0
BRDA:21,4,0,0
BRDA:21,4,1,0
BRDA:23,5,0,0
BRDA:23,5,1,0
BRDA:65,6,0,0
BRDA:81,7,0,0
BRDA:81,7,1,0
BRDA:82,8,0,0
BRDA:82,8,1,0
BRDA:85,9,0,0
BRDA:85,9,1,0
BRDA:86,10,0,0
BRDA:86,10,1,0
BRDA:103,11,0,0
BRDA:106,12,0,0
BRDA:106,12,1,0
BRDA:120,13,0,0
BRDA:130,14,0,0
BRDA:130,14,1,0
BRDA:131,15,0,0
BRDA:131,15,1,0
BRDA:158,16,0,0
BRDA:169,17,0,0
BRDA:174,18,0,0
BRDA:207,19,0,0
BRDA:208,20,0,0
BRDA:217,21,0,0
BRDA:235,22,0,0
BRDA:246,23,0,0
BRF:37
BRH:0
end_of_record
TN:
SF:src/services/user-service.ts
FN:16,(anonymous_2)
FN:30,(anonymous_3)
FN:34,(anonymous_4)
FN:38,(anonymous_5)
FN:42,(anonymous_6)
FN:69,(anonymous_7)
FN:73,(anonymous_8)
FN:80,(anonymous_9)
FN:85,(anonymous_10)
FN:93,(anonymous_11)
FN:109,(anonymous_12)
FN:114,(anonymous_13)
FNF:12
FNH:3
FNDA:2,(anonymous_2)
FNDA:1,(anonymous_3)
FNDA:0,(anonymous_4)
FNDA:0,(anonymous_5)
FNDA:0,(anonymous_6)
FNDA:0,(anonymous_7)
FNDA:0,(anonymous_8)
FNDA:0,(anonymous_9)
FNDA:0,(anonymous_10)
FNDA:1,(anonymous_11)
FNDA:0,(anonymous_12)
FNDA:0,(anonymous_13)
DA:1,1
DA:2,1
DA:3,1
DA:4,1
DA:10,1
DA:11,1
DA:12,1
DA:17,2
DA:18,2
DA:20,2
DA:21,2
DA:27,1
DA:31,1
DA:35,0
DA:39,0
DA:47,0
DA:48,0
DA:51,0
DA:52,0
DA:53,0
DA:57,0
DA:58,0
DA:59,0
DA:63,0
DA:64,0
DA:66,0
DA:70,0
DA:72,0
DA:74,0
DA:75,0
DA:81,0
DA:84,0
DA:86,0
DA:87,0
DA:88,0
DA:94,1
DA:100,1
DA:110,0
DA:111,0
DA:115,0
DA:116,0
DA:117,0
DA:118,0
DA:122,4
LF:44
LH:16
BRDA:18,0,0,0
BRDA:48,1,0,0
BRDA:52,2,0,0
BRDA:58,3,0,0
BRF:4
BRH:0
end_of_record
TN:
SF:src/services/comments/article-cmt-service.ts
FN:15,(anonymous_3)
FN:19,(anonymous_4)
FN:34,(anonymous_5)
FNF:3
FNH:0
FNDA:0,(anonymous_3)
FNDA:0,(anonymous_4)
FNDA:0,(anonymous_5)
DA:1,1
DA:2,1
DA:3,1
DA:4,1
DA:5,1
DA:6,1
DA:7,1
DA:10,1
DA:11,1
DA:12,1
DA:13,1
DA:16,0
DA:18,0
DA:20,0
DA:21,0
DA:25,0
DA:40,0
DA:41,0
DA:44,0
DA:51,0
DA:53,0
DA:55,0
DA:64,0
DA:68,1
LF:24
LH:12
BRDA:21,0,0,0
BRDA:21,0,1,0
BRDA:41,1,0,0
BRDA:51,2,0,0
BRDA:60,3,0,0
BRDA:60,3,1,0
BRF:6
BRH:0
end_of_record
TN:
SF:src/services/comments/comment-service.ts
FN:6,(anonymous_2)
FN:14,(anonymous_3)
FN:22,(anonymous_4)
FN:33,(anonymous_5)
FNF:4
FNH:0
FNDA:0,(anonymous_2)
FNDA:0,(anonymous_3)
FNDA:0,(anonymous_4)
FNDA:0,(anonymous_5)
DA:1,1
DA:2,1
DA:3,1
DA:7,0
DA:8,0
DA:9,0
DA:11,0
DA:15,0
DA:16,0
DA:17,0
DA:19,0
DA:23,0
DA:24,0
DA:25,0
DA:28,0
DA:29,0
DA:30,0
DA:34,0
DA:35,0
DA:36,0
DA:39,0
DA:40,0
DA:41,0
DA:45,8
LF:24
LH:4
BRDA:8,0,0,0
BRDA:9,1,0,0
BRDA:16,2,0,0
BRDA:24,3,0,0
BRDA:35,4,0,0
BRF:5
BRH:0
end_of_record
TN:
SF:src/services/comments/product-cmt-service.ts
FN:15,(anonymous_3)
FN:19,(anonymous_4)
FN:34,(anonymous_5)
FNF:3
FNH:0
FNDA:0,(anonymous_3)
FNDA:0,(anonymous_4)
FNDA:0,(anonymous_5)
DA:1,1
DA:2,1
DA:3,1
DA:4,1
DA:5,1
DA:6,1
DA:7,1
DA:10,1
DA:11,1
DA:12,1
DA:13,1
DA:16,0
DA:18,0
DA:20,0
DA:21,0
DA:25,0
DA:40,0
DA:41,0
DA:44,0
DA:51,0
DA:52,0
DA:54,0
DA:63,0
DA:67,1
LF:24
LH:12
BRDA:21,0,0,0
BRDA:21,0,1,0
BRDA:41,1,0,0
BRDA:51,2,0,0
BRDA:59,3,0,0
BRDA:59,3,1,0
BRF:6
BRH:0
end_of_record
